# JRE version: OpenJDK Runtime Environment Microsoft-8035246 (17.0.8+7) (build 17.0.8+7-LTS)
# Java VM: OpenJDK 64-Bit Server VM Microsoft-8035246 (17.0.8+7-LTS, mixed mode, sharing, tiered, compressed oops, compressed class ptrs, g1 gc, windows-amd64)
GC Precious Log:
 CPUs: 16 total, 16 available
 Memory: 16004M
 Large Page Support: Disabled
 NUMA Support: Disabled
 Compressed Oops: Enabled (32-bit)
 Heap Region Size: 1M
 Heap Min Capacity: 8M
 Heap Initial Capacity: 252M
 Heap Max Capacity: 2G
 Pre-touch: Disabled
 Parallel Workers: 13
 Concurrent Workers: 3
 Concurrent Refinement Workers: 13
 Periodic GC: Disabled
Heap:
 garbage-first heap   total 267264K, used 192086K [0x0000000080000000, 0x0000000100000000)
  region size 1024K, 52 young (53248K), 2 survivors (2048K)
 Metaspace       used 103235K, committed 104192K, reserved 557056K
  class space    used 14450K, committed 14912K, reserved 425984K
GC Heap History (20 events):
Event: 13.582 GC heap before
{Heap before GC invocations=42 (full 0):
 garbage-first heap   total 204800K, used 138811K [0x0000000080000000, 0x0000000100000000)
  region size 1024K, 48 young (49152K), 6 survivors (6144K)
 Metaspace       used 91707K, committed 92544K, reserved 557056K
  class space    used 12774K, committed 13184K, reserved 425984K
}
Event: 13.586 GC heap after
{Heap after GC invocations=43 (full 0):
 garbage-first heap   total 204800K, used 103095K [0x0000000080000000, 0x0000000100000000)
  region size 1024K, 8 young (8192K), 8 survivors (8192K)
 Metaspace       used 91707K, committed 92544K, reserved 557056K
  class space    used 12774K, committed 13184K, reserved 425984K
}
Event: 13.645 GC heap before
{Heap before GC invocations=44 (full 0):
 garbage-first heap   total 204800K, used 107191K [0x0000000080000000, 0x0000000100000000)
  region size 1024K, 12 young (12288K), 8 survivors (8192K)
 Metaspace       used 91708K, committed 92544K, reserved 557056K
  class space    used 12774K, committed 13184K, reserved 425984K
}
Event: 13.648 GC heap after
{Heap after GC invocations=45 (full 0):
 garbage-first heap   total 204800K, used 106104K [0x0000000080000000, 0x0000000100000000)
  region size 1024K, 3 young (3072K), 3 survivors (3072K)
 Metaspace       used 91708K, committed 92544K, reserved 557056K
  class space    used 12774K, committed 13184K, reserved 425984K
}
Event: 14.018 GC heap before
{Heap before GC invocations=46 (full 0):
 garbage-first heap   total 204800K, used 155256K [0x0000000080000000, 0x0000000100000000)
  region size 1024K, 50 young (51200K), 3 survivors (3072K)
 Metaspace       used 92845K, committed 93760K, reserved 557056K
  class space    used 12979K, committed 13376K, reserved 425984K
}
Event: 14.023 GC heap after
{Heap after GC invocations=47 (full 0):
 garbage-first heap   total 204800K, used 116982K [0x0000000080000000, 0x0000000100000000)
  region size 1024K, 7 young (7168K), 7 survivors (7168K)
 Metaspace       used 92845K, committed 93760K, reserved 557056K
  class space    used 12979K, committed 13376K, reserved 425984K
}
Event: 14.337 GC heap before
{Heap before GC invocations=48 (full 0):
 garbage-first heap   total 204800K, used 158966K [0x0000000080000000, 0x0000000100000000)
  region size 1024K, 48 young (49152K), 7 survivors (7168K)
 Metaspace       used 94279K, committed 95168K, reserved 557056K
  class space    used 13165K, committed 13568K, reserved 425984K
}
Event: 14.342 GC heap after
{Heap after GC invocations=49 (full 0):
 garbage-first heap   total 204800K, used 125063K [0x0000000080000000, 0x0000000100000000)
  region size 1024K, 6 young (6144K), 6 survivors (6144K)
 Metaspace       used 94279K, committed 95168K, reserved 557056K
  class space    used 13165K, committed 13568K, reserved 425984K
}
Event: 14.650 GC heap before
{Heap before GC invocations=49 (full 0):
 garbage-first heap   total 204800K, used 162951K [0x0000000080000000, 0x0000000100000000)
  region size 1024K, 43 young (44032K), 6 survivors (6144K)
 Metaspace       used 98283K, committed 99136K, reserved 557056K
  class space    used 13725K, committed 14144K, reserved 425984K
}
Event: 14.655 GC heap after
{Heap after GC invocations=50 (full 0):
 garbage-first heap   total 204800K, used 126964K [0x0000000080000000, 0x0000000100000000)
  region size 1024K, 2 young (2048K), 2 survivors (2048K)
 Metaspace       used 98283K, committed 99136K, reserved 557056K
  class space    used 13725K, committed 14144K, reserved 425984K
}
Event: 14.933 GC heap before
{Heap before GC invocations=51 (full 0):
 garbage-first heap   total 222208K, used 165876K [0x0000000080000000, 0x0000000100000000)
  region size 1024K, 40 young (40960K), 2 survivors (2048K)
 Metaspace       used 100178K, committed 101056K, reserved 557056K
  class space    used 13974K, committed 14400K, reserved 425984K
}
Event: 14.936 GC heap after
{Heap after GC invocations=52 (full 0):
 garbage-first heap   total 222208K, used 129994K [0x0000000080000000, 0x0000000100000000)
  region size 1024K, 5 young (5120K), 5 survivors (5120K)
 Metaspace       used 100178K, committed 101056K, reserved 557056K
  class space    used 13974K, committed 14400K, reserved 425984K
}
Event: 14.973 GC heap before
{Heap before GC invocations=52 (full 0):
 garbage-first heap   total 222208K, used 135114K [0x0000000080000000, 0x0000000100000000)
  region size 1024K, 10 young (10240K), 5 survivors (5120K)
 Metaspace       used 100431K, committed 101376K, reserved 557056K
  class space    used 14005K, committed 14464K, reserved 425984K
}
Event: 14.977 GC heap after
{Heap after GC invocations=53 (full 0):
 garbage-first heap   total 267264K, used 129680K [0x0000000080000000, 0x0000000100000000)
  region size 1024K, 1 young (1024K), 1 survivors (1024K)
 Metaspace       used 100431K, committed 101376K, reserved 557056K
  class space    used 14005K, committed 14464K, reserved 425984K
}
Event: 15.440 GC heap before
{Heap before GC invocations=53 (full 0):
 garbage-first heap   total 267264K, used 200336K [0x0000000080000000, 0x0000000100000000)
  region size 1024K, 70 young (71680K), 1 survivors (1024K)
 Metaspace       used 102320K, committed 103296K, reserved 557056K
  class space    used 14305K, committed 14784K, reserved 425984K
}
Event: 15.444 GC heap after
{Heap after GC invocations=54 (full 0):
 garbage-first heap   total 267264K, used 136830K [0x0000000080000000, 0x0000000100000000)
  region size 1024K, 8 young (8192K), 8 survivors (8192K)
 Metaspace       used 102320K, committed 103296K, reserved 557056K
  class space    used 14305K, committed 14784K, reserved 425984K
}
Event: 15.863 GC heap before
{Heap before GC invocations=55 (full 0):
 garbage-first heap   total 267264K, used 205438K [0x0000000080000000, 0x0000000100000000)
  region size 1024K, 76 young (77824K), 8 survivors (8192K)
 Metaspace       used 103209K, committed 104192K, reserved 557056K
  class space    used 14450K, committed 14912K, reserved 425984K
}
Event: 15.867 GC heap after
{Heap after GC invocations=56 (full 0):
 garbage-first heap   total 267264K, used 142025K [0x0000000080000000, 0x0000000100000000)
  region size 1024K, 6 young (6144K), 6 survivors (6144K)
 Metaspace       used 103209K, committed 104192K, reserved 557056K
  class space    used 14450K, committed 14912K, reserved 425984K
}
Event: 15.889 GC heap before
{Heap before GC invocations=56 (full 0):
 garbage-first heap   total 267264K, used 148169K [0x0000000080000000, 0x0000000100000000)
  region size 1024K, 13 young (13312K), 6 survivors (6144K)
 Metaspace       used 103227K, committed 104192K, reserved 557056K
  class space    used 14450K, committed 14912K, reserved 425984K
}
Event: 15.892 GC heap after
{Heap after GC invocations=57 (full 0):
 garbage-first heap   total 267264K, used 142934K [0x0000000080000000, 0x0000000100000000)
  region size 1024K, 2 young (2048K), 2 survivors (2048K)
 Metaspace       used 103227K, committed 104192K, reserved 557056K
  class space    used 14450K, committed 14912K, reserved 425984K
}

